\BOOKMARK [1][-]{section.1}{Problem Introduction}{}% 1
\BOOKMARK [2][-]{subsection.1.1}{Background Information, Importance \046 Motivation }{section.1}% 2
\BOOKMARK [2][-]{subsection.1.2}{Difficulties of the problem}{section.1}% 3
\BOOKMARK [1][-]{section.2}{Literature Review}{}% 4
\BOOKMARK [2][-]{subsection.2.1}{Medical Images Related Task Setting Taxonomy}{section.2}% 5
\BOOKMARK [2][-]{subsection.2.2}{Mammography Breast Cancer Detection}{section.2}% 6
\BOOKMARK [1][-]{section.3}{Project Research Contents}{}% 7
\BOOKMARK [2][-]{subsection.3.1}{Dataset and Class Imbalance}{section.3}% 8
\BOOKMARK [2][-]{subsection.3.2}{Data Preprocess Techniques}{section.3}% 9
\BOOKMARK [2][-]{subsection.3.3}{Implenmented Model and Methodology}{section.3}% 10
\BOOKMARK [3][-]{subsubsection.3.3.1}{U-Net}{subsection.3.3}% 11
\BOOKMARK [3][-]{subsubsection.3.3.2}{Image Preprocessing}{subsection.3.3}% 12
\BOOKMARK [3][-]{subsubsection.3.3.3}{Award-winning Architecture}{subsection.3.3}% 13
\BOOKMARK [3][-]{subsubsection.3.3.4}{Efficient Net}{subsection.3.3}% 14
\BOOKMARK [3][-]{subsubsection.3.3.5}{Vision-Transformer-Based Model}{subsection.3.3}% 15
\BOOKMARK [3][-]{subsubsection.3.3.6}{Transfer Learning}{subsection.3.3}% 16
\BOOKMARK [1][-]{section.4}{Results}{}% 17
\BOOKMARK [2][-]{subsection.4.1}{Experimental setup}{section.4}% 18
\BOOKMARK [2][-]{subsection.4.2}{Evaluation Metric}{section.4}% 19
\BOOKMARK [2][-]{subsection.4.3}{Experimental Results}{section.4}% 20
\BOOKMARK [1][-]{section.5}{Future Work \046 Conclusion}{}% 21
\BOOKMARK [2][-]{subsection.5.1}{Limitations}{section.5}% 22
\BOOKMARK [2][-]{subsection.5.2}{Further Study}{section.5}% 23
\BOOKMARK [1][-]{section.6}{Author contributions}{}% 24
\BOOKMARK [1][-]{section.7}{Acknowledgement}{}% 25
